Vivado Simulator 2017.3
Time resolution is 1 ps
newCLK
pc+4:         x
update ce:1 x
newCLK
update ce:1 0
newCLK
[Clock]:          0
update ce:0 0
newCLK
[Clock]:          1
pc+4:         0
update ce:0 1
newCLK
[Clock]:          2
pc+4:         4
update ce:0 1
newCLK
[Clock]:          3
pc+4:         8
update ce:0 1
newCLK
[Clock]:          4
pc+4:        12
update ce:0 1
newCLK
[Clock]:          5
pc+4:        16
update ce:0 1
select jump?          0          3
newCLK
[Clock]:          6
pc+4:         0
update ce:0 1
newCLK
[Clock]:          7
pc+4:         4
update ce:0 1
newCLK
[Clock]:          8
pc+4:         8
update ce:0 1
newCLK
[Clock]:          9
pc+4:        12
update ce:0 1
newCLK
[Clock]:         10
pc+4:        16
update ce:0 1
select jump?          0          3
newCLK
[Clock]:         11
pc+4:         0
update ce:0 1
newCLK
[Clock]:         12
pc+4:         4
update ce:0 1
newCLK
[Clock]:         13
pc+4:         8
update ce:0 1
newCLK
[Clock]:         14
pc+4:        12
update ce:0 1
newCLK
[Clock]:         15
pc+4:        16
update ce:0 1
select jump?          0          3
newCLK
[Clock]:         16
pc+4:         0
update ce:0 1
newCLK
[Clock]:         17
pc+4:         4
update ce:0 1
newCLK
[Clock]:         18
pc+4:         8
update ce:0 1
newCLK
[Clock]:         19
pc+4:        12
update ce:0 1
newCLK
[Clock]:         20
pc+4:        16
update ce:0 1
select jump?          0          3
newCLK
[Clock]:         21
pc+4:         0
update ce:0 1
newCLK
[Clock]:         22
pc+4:         4
update ce:0 1
newCLK
[Clock]:         23
pc+4:         8
update ce:0 1
newCLK
[Clock]:         24
pc+4:        12
update ce:0 1
newCLK
[Clock]:         25
pc+4:        16
update ce:0 1
select jump?          0          3
newCLK
[Clock]:         26
pc+4:         0
update ce:0 1
newCLK
[Clock]:         27
pc+4:         4
update ce:0 1
newCLK
[Clock]:         28
pc+4:         8
update ce:0 1
newCLK
[Clock]:         29
pc+4:        12
update ce:0 1
newCLK
[Clock]:         30
pc+4:        16
update ce:0 1
select jump?          0          3
newCLK
[Clock]:         31
pc+4:         0
update ce:0 1
newCLK
[Clock]:         32
pc+4:         4
update ce:0 1
newCLK
[Clock]:         33
pc+4:         8
update ce:0 1
newCLK
[Clock]:         34
pc+4:        12
update ce:0 1
newCLK
[Clock]:         35
pc+4:        16
update ce:0 1
select jump?          0          3
newCLK
[Clock]:         36
pc+4:         0
update ce:0 1
newCLK
[Clock]:         37
pc+4:         4
update ce:0 1
newCLK
[Clock]:         38
pc+4:         8
update ce:0 1
newCLK
[Clock]:         39
pc+4:        12
update ce:0 1
newCLK
[Clock]:         40
pc+4:        16
update ce:0 1
select jump?          0          3
newCLK
[Clock]:         41
pc+4:         0
update ce:0 1
newCLK
[Clock]:         42
pc+4:         4
update ce:0 1
newCLK
[Clock]:         43
pc+4:         8
update ce:0 1
newCLK
[Clock]:         44
pc+4:        12
update ce:0 1
newCLK
[Clock]:         45
pc+4:        16
update ce:0 1
select jump?          0          3
newCLK
[Clock]:         46
pc+4:         0
update ce:0 1
newCLK
[Clock]:         47
pc+4:         4
update ce:0 1
newCLK
[Clock]:         48
pc+4:         8
update ce:0 1
newCLK
[Clock]:         49
pc+4:        12
update ce:0 1
newCLK
end
pc+4:        16
update ce:0 1
select jump?          0          3
regs[         0] =          0
regs[         1] =         10
regs[         2] =          3
regs[         3] =          0
regs[         4] =          0
regs[         5] =          0
regs[         6] =          0
regs[         7] =          0
regs[         8] =          0
regs[         9] =          0
regs[        10] =          0
regs[        11] =          0
regs[        12] =          0
regs[        13] =          0
regs[        14] =          0
regs[        15] =          0
regs[        16] =          0
regs[        17] =          0
regs[        18] =          0
regs[        19] =          0
regs[        20] =          0
regs[        21] =          0
regs[        22] =          0
regs[        23] =          0
regs[        24] =          0
regs[        25